#
# A fatal error has been detected by the Java Runtime Environment:
#
#  EXCEPTION_ACCESS_VIOLATION (0xc0000005) at pc=0x0000000061b02928, pid=5028, tid=0x0000000000003f50
#
# JRE version: Java(TM) SE Runtime Environment (8.0_131-b11) (build 1.8.0_131-b11)
# Java VM: Java HotSpot(TM) 64-Bit Server VM (25.131-b11 mixed mode windows-amd64 compressed oops)
# Problematic frame:
# C  [jdwp.dll+0x22928]
#
# Failed to write core dump. Minidumps are not enabled by default on client versions of Windows
#
# If you would like to submit a bug report, please visit:
#   http://bugreport.java.com/bugreport/crash.jsp
# The crash happened outside the Java Virtual Machine in native code.
# See problematic frame for where to report the bug.
#

---------------  T H R E A D  ---------------

Current thread (0x0000000017759000):  JavaThread "JDWP Command Reader" daemon [_thread_in_native, id=16208, stack(0x0000000018e90000,0x0000000018f90000)]

siginfo: ExceptionCode=0xc0000005, reading address 0x0000000000000000

Registers:
RAX=0x0000000061b0f5a0, RBX=0x0000000017747050, RCX=0x0000000000000000, RDX=0x000000000000000e
RSP=0x0000000018f8f090, RBP=0x0000000017746ff0, RSI=0x0000000017747050, RDI=0x0000000061b256e8
R8 =0x0000000018f8f0f8, R9 =0x7efeff6364726e6b, R10=0x0000000000000007, R11=0x8101010101010100
R12=0x0000000000000004, R13=0x0000000002840000, R14=0x0000000000000000, R15=0x0000000018f8f2b4
RIP=0x0000000061b02928, EFLAGS=0x0000000000010202

Top of Stack: (sp=0x0000000018f8f090)
0x0000000018f8f090:   0000000000000000 00007ffccb565f8e
0x0000000018f8f0a0:   0000000018f8f2b4 0000000000000000
0x0000000018f8f0b0:   0000000017747050 0000000017747050
0x0000000018f8f0c0:   0000000000000000 00007ffccb565f8e
0x0000000018f8f0d0:   0000000017746cb0 0000000061b23669
0x0000000018f8f0e0:   0000000061b256e8 0000000061b21eed
0x0000000018f8f0f0:   0000000017747050 0000000000000020
0x0000000018f8f100:   0000000017747050 0000000000000338
0x0000000018f8f110:   00000000ffffffff 0000000061b220d4
0x0000000018f8f120:   0000000017747050 0000000061b091d8
0x0000000018f8f130:   0000000000000320 0000000000000334
0x0000000018f8f140:   0000000000000000 0000000061b22208
0x0000000018f8f150:   0000000000000000 0000000017752140
0x0000000018f8f160:   0000000002bf5c00 0000000062230193
0x0000000018f8f170:   0000000019ed2c10 0000000061b2308a
0x0000000018f8f180:   0000000000000000 0000000017746ff0 

Instructions: (pc=0x0000000061b02928)
0x0000000061b02908:   83 ec 50 48 63 d1 85 c9 75 07 33 c0 e9 84 00 00
0x0000000061b02918:   00 48 8b 05 c8 d3 00 00 4c 8d 44 24 68 48 8b 08
0x0000000061b02928:   48 8b 01 ff 90 68 01 00 00 8b f8 85 c0 74 61 8b
0x0000000061b02938:   c8 e8 72 ca fe ff 48 8b d8 ff 15 e9 48 00 00 c7 


Register to memory mapping:

RAX=0x0000000061b0f5a0 is an unknown value
RBX=0x0000000017747050 is an unknown value
RCX=0x0000000000000000 is an unknown value
RDX=0x000000000000000e is an unknown value
RSP=0x0000000018f8f090 is pointing into the stack for thread: 0x0000000017759000
RBP=0x0000000017746ff0 is an unknown value
RSI=0x0000000017747050 is an unknown value
RDI=0x0000000061b256e8 is an unknown value
R8 =0x0000000018f8f0f8 is pointing into the stack for thread: 0x0000000017759000
R9 =0x7efeff6364726e6b is an unknown value
R10=0x0000000000000007 is an unknown value
R11=0x8101010101010100 is an unknown value
R12=0x0000000000000004 is an unknown value
R13=0x0000000002840000 is an unknown value
R14=0x0000000000000000 is an unknown value
R15=0x0000000018f8f2b4 is pointing into the stack for thread: 0x0000000017759000


Stack: [0x0000000018e90000,0x0000000018f90000],  sp=0x0000000018f8f090,  free space=1020k
Native frames: (J=compiled Java code, j=interpreted, Vv=VM code, C=native code)
C  [jdwp.dll+0x22928]
C  [dt_shmem.dll+0x1eed]
C  [dt_shmem.dll+0x20d4]
C  [dt_shmem.dll+0x2208]
C  [dt_shmem.dll+0x308a]
C  [dt_shmem.dll+0x3179]
C  [dt_shmem.dll+0x1d0e]
C  [jdwp.dll+0x1fad1]
C  [jdwp.dll+0xed38]
V  [jvm.dll+0x1bda28]
V  [jvm.dll+0x24537f]
V  [jvm.dll+0x29cc1a]
C  [msvcr100.dll+0x21d9f]
C  [msvcr100.dll+0x21e3b]
C  [KERNEL32.DLL+0x13034]
C  [ntdll.dll+0x71461]


---------------  P R O C E S S  ---------------

Java Threads: ( => current thread )
  0x0000000019e63000 JavaThread "AWT-EventQueue-0" [_thread_blocked, id=4528, stack(0x000000001cac0000,0x000000001cbc0000)]
  0x0000000019e62800 JavaThread "AWT-Shutdown" [_thread_blocked, id=8176, stack(0x000000001c9c0000,0x000000001cac0000)]
  0x0000000019c4b800 JavaThread "Image Fetcher 0" daemon [_thread_blocked, id=15436, stack(0x000000001b1f0000,0x000000001b2f0000)]
  0x0000000019b94000 JavaThread "MySQL Statement Cancellation Timer" daemon [_thread_blocked, id=9232, stack(0x000000001aef0000,0x000000001aff0000)]
  0x0000000019a86800 JavaThread "Java2D Disposer" daemon [_thread_blocked, id=3616, stack(0x000000001a510000,0x000000001a610000)]
  0x000000001779e800 JavaThread "Service Thread" daemon [_thread_blocked, id=3736, stack(0x0000000019690000,0x0000000019790000)]
  0x0000000017769800 JavaThread "C1 CompilerThread2" daemon [_thread_blocked, id=14996, stack(0x0000000019190000,0x0000000019290000)]
  0x0000000017769000 JavaThread "C2 CompilerThread1" daemon [_thread_blocked, id=10628, stack(0x0000000019090000,0x0000000019190000)]
  0x0000000017765000 JavaThread "C2 CompilerThread0" daemon [_thread_blocked, id=16328, stack(0x0000000018f90000,0x0000000019090000)]
=>0x0000000017759000 JavaThread "JDWP Command Reader" daemon [_thread_in_native, id=16208, stack(0x0000000018e90000,0x0000000018f90000)]
  0x0000000017756000 JavaThread "JDWP Event Helper Thread" daemon [_thread_blocked, id=8540, stack(0x0000000018d90000,0x0000000018e90000)]
  0x0000000017753800 JavaThread "JDWP Transport Listener: dt_shmem" daemon [_thread_blocked, id=13752, stack(0x0000000018c90000,0x0000000018d90000)]
  0x0000000017740800 JavaThread "Attach Listener" daemon [_thread_blocked, id=3864, stack(0x0000000018b90000,0x0000000018c90000)]
  0x0000000002bfe800 JavaThread "Signal Dispatcher" daemon [_thread_blocked, id=3772, stack(0x0000000018a90000,0x0000000018b90000)]
  0x000000001772e000 JavaThread "Finalizer" daemon [_thread_blocked, id=5940, stack(0x0000000018990000,0x0000000018a90000)]
  0x0000000002bf4800 JavaThread "Reference Handler" daemon [_thread_blocked, id=672, stack(0x0000000018890000,0x0000000018990000)]
  0x0000000002b02800 JavaThread "main" [_thread_blocked, id=14436, stack(0x0000000002a00000,0x0000000002b00000)]

Other Threads:
  0x0000000017707800 VMThread [stack: 0x0000000018790000,0x0000000018890000] [id=13496]

VM state:at safepoint (normal execution)

VM Mutex/Monitor currently owned by a thread:  ([mutex/lock_event])
[0x00000000028fd4a0] Threads_lock - owner thread: 0x0000000017707800

Heap:
 PSYoungGen      total 38400K, used 9918K [0x00000000d5e00000, 0x00000000d8880000, 0x0000000100000000)
  eden space 33280K, 14% used [0x00000000d5e00000,0x00000000d62b3d70,0x00000000d7e80000)
  from space 5120K, 99% used [0x00000000d7e80000,0x00000000d837bc28,0x00000000d8380000)
  to   space 5120K, 0% used [0x00000000d8380000,0x00000000d8380000,0x00000000d8880000)
 ParOldGen       total 87552K, used 4030K [0x0000000081a00000, 0x0000000086f80000, 0x00000000d5e00000)
  object space 87552K, 4% used [0x0000000081a00000,0x0000000081def8a8,0x0000000086f80000)
 Metaspace       used 17901K, capacity 18182K, committed 18432K, reserved 1064960K
  class space    used 1956K, capacity 2044K, committed 2048K, reserved 1048576K

Card table byte_map: [0x0000000011fc0000,0x00000000123c0000] byte_map_base: 0x0000000011bb3000

Marking Bits: (ParMarkBitMap*) 0x000000006288c720
 Begin Bits: [0x0000000012a70000, 0x0000000014a08000)
 End Bits:   [0x0000000014a08000, 0x00000000169a0000)

Polling page: 0x0000000000a40000

CodeCache: size=245760Kb used=5020Kb max_used=5020Kb free=240739Kb
 bounds [0x0000000002c00000, 0x00000000030f0000, 0x0000000011c00000]
 total_blobs=1920 nmethods=1356 adapters=485
 compilation: enabled

Compilation events (10 events):
Event: 8.831 Thread 0x0000000017769800 1352       3       sun.nio.cs.StreamEncoder::ensureOpen (18 bytes)
Event: 8.831 Thread 0x0000000017769800 nmethod 1352 0x00000000030de410 code [0x00000000030de580, 0x00000000030de7e8]
Event: 8.831 Thread 0x0000000017769800 1353       3       sun.nio.cs.UTF_8$Encoder::encodeArrayLoop (489 bytes)
Event: 8.835 Thread 0x0000000017769800 nmethod 1353 0x00000000030e53d0 code [0x00000000030e59a0, 0x00000000030e90e8]
Event: 8.835 Thread 0x0000000017769800 1354       3       java.io.OutputStream::write (79 bytes)
Event: 8.835 Thread 0x0000000017769800 nmethod 1354 0x00000000030dd950 code [0x00000000030ddb20, 0x00000000030de168]
Event: 8.835 Thread 0x0000000017769800 1355       3       com.sun.org.apache.xerces.internal.dom.NodeImpl::hasStringValue (17 bytes)
Event: 8.835 Thread 0x0000000017769800 nmethod 1355 0x00000000030dd5d0 code [0x00000000030dd720, 0x00000000030dd8d0]
Event: 8.835 Thread 0x0000000017769800 1356       1       org.apache.tools.ant.util.DOMElementWriter$XmlNamespacePolicy::access$000 (5 bytes)
Event: 8.835 Thread 0x0000000017769800 nmethod 1356 0x00000000030e0550 code [0x00000000030e06a0, 0x00000000030e0790]

GC Heap History (2 events):
Event: 6.909 GC heap before
{Heap before GC invocations=1 (full 0):
 PSYoungGen      total 38400K, used 33280K [0x00000000d5e00000, 0x00000000d8880000, 0x0000000100000000)
  eden space 33280K, 100% used [0x00000000d5e00000,0x00000000d7e80000,0x00000000d7e80000)
  from space 5120K, 0% used [0x00000000d8380000,0x00000000d8380000,0x00000000d8880000)
  to   space 5120K, 0% used [0x00000000d7e80000,0x00000000d7e80000,0x00000000d8380000)
 ParOldGen       total 87552K, used 0K [0x0000000081a00000, 0x0000000086f80000, 0x00000000d5e00000)
  object space 87552K, 0% used [0x0000000081a00000,0x0000000081a00000,0x0000000086f80000)
 Metaspace       used 16726K, capacity 16910K, committed 17024K, reserved 1064960K
  class space    used 1808K, capacity 1880K, committed 1920K, reserved 1048576K
Event: 6.927 GC heap after
Heap after GC invocations=1 (full 0):
 PSYoungGen      total 38400K, used 5103K [0x00000000d5e00000, 0x00000000d8880000, 0x0000000100000000)
  eden space 33280K, 0% used [0x00000000d5e00000,0x00000000d5e00000,0x00000000d7e80000)
  from space 5120K, 99% used [0x00000000d7e80000,0x00000000d837bc28,0x00000000d8380000)
  to   space 5120K, 0% used [0x00000000d8380000,0x00000000d8380000,0x00000000d8880000)
 ParOldGen       total 87552K, used 4030K [0x0000000081a00000, 0x0000000086f80000, 0x00000000d5e00000)
  object space 87552K, 4% used [0x0000000081a00000,0x0000000081def8a8,0x0000000086f80000)
 Metaspace       used 16726K, capacity 16910K, committed 17024K, reserved 1064960K
  class space    used 1808K, capacity 1880K, committed 1920K, reserved 1048576K
}

Deoptimization events (10 events):
Event: 4.514 Thread 0x0000000002b02800 Uncommon trap: reason=class_check action=maybe_recompile pc=0x0000000002efd5fc method=java.util.HashMap.putVal(ILjava/lang/Object;Ljava/lang/Object;ZZ)Ljava/lang/Object; @ 253
Event: 4.514 Thread 0x0000000002b02800 Uncommon trap: reason=class_check action=maybe_recompile pc=0x0000000002efd5fc method=java.util.HashMap.putVal(ILjava/lang/Object;Ljava/lang/Object;ZZ)Ljava/lang/Object; @ 253
Event: 4.514 Thread 0x0000000002b02800 Uncommon trap: reason=class_check action=maybe_recompile pc=0x0000000002efd5fc method=java.util.HashMap.putVal(ILjava/lang/Object;Ljava/lang/Object;ZZ)Ljava/lang/Object; @ 253
Event: 4.848 Thread 0x0000000002b02800 Uncommon trap: reason=bimorphic action=maybe_recompile pc=0x0000000002f3b38c method=java.util.regex.Pattern$BmpCharProperty.match(Ljava/util/regex/Matcher;ILjava/lang/CharSequence;)Z @ 31
Event: 4.848 Thread 0x0000000002b02800 Uncommon trap: reason=bimorphic action=maybe_recompile pc=0x0000000002f3b38c method=java.util.regex.Pattern$BmpCharProperty.match(Ljava/util/regex/Matcher;ILjava/lang/CharSequence;)Z @ 31
Event: 4.848 Thread 0x0000000002b02800 Uncommon trap: reason=bimorphic action=maybe_recompile pc=0x0000000002f3b38c method=java.util.regex.Pattern$BmpCharProperty.match(Ljava/util/regex/Matcher;ILjava/lang/CharSequence;)Z @ 31
Event: 4.848 Thread 0x0000000002b02800 Uncommon trap: reason=bimorphic action=maybe_recompile pc=0x0000000002f3b38c method=java.util.regex.Pattern$BmpCharProperty.match(Ljava/util/regex/Matcher;ILjava/lang/CharSequence;)Z @ 31
Event: 5.196 Thread 0x0000000002b02800 Uncommon trap: reason=unstable_if action=reinterpret pc=0x0000000002f1c320 method=java.lang.CharacterDataLatin1.digit(II)I @ 82
Event: 5.196 Thread 0x0000000002b02800 Uncommon trap: reason=unstable_if action=reinterpret pc=0x0000000002f200ec method=java.lang.CharacterDataLatin1.digit(II)I @ 82
Event: 8.782 Thread 0x0000000002b02800 Uncommon trap: reason=unstable_if action=reinterpret pc=0x0000000002f2e79c method=java.lang.CharacterDataLatin1.digit(II)I @ 82

Internal exceptions (10 events):
Event: 4.095 Thread 0x0000000002b02800 Exception <a 'java/security/PrivilegedActionException'> (0x00000000d676a5f0) thrown at [C:\re\workspace\8-2-build-windows-amd64-cygwin\jdk8u131\8869\hotspot\src\share\vm\prims\jvm.cpp, line 1390]
Event: 4.100 Thread 0x0000000002b02800 Exception <a 'java/security/PrivilegedActionException'> (0x00000000d67951f0) thrown at [C:\re\workspace\8-2-build-windows-amd64-cygwin\jdk8u131\8869\hotspot\src\share\vm\prims\jvm.cpp, line 1390]
Event: 4.100 Thread 0x0000000002b02800 Exception <a 'java/security/PrivilegedActionException'> (0x00000000d67955e8) thrown at [C:\re\workspace\8-2-build-windows-amd64-cygwin\jdk8u131\8869\hotspot\src\share\vm\prims\jvm.cpp, line 1390]
Event: 4.100 Thread 0x0000000002b02800 Exception <a 'java/security/PrivilegedActionException'> (0x00000000d6797f00) thrown at [C:\re\workspace\8-2-build-windows-amd64-cygwin\jdk8u131\8869\hotspot\src\share\vm\prims\jvm.cpp, line 1390]
Event: 4.101 Thread 0x0000000002b02800 Exception <a 'java/security/PrivilegedActionException'> (0x00000000d67982f8) thrown at [C:\re\workspace\8-2-build-windows-amd64-cygwin\jdk8u131\8869\hotspot\src\share\vm\prims\jvm.cpp, line 1390]
Event: 4.101 Thread 0x0000000002b02800 Exception <a 'java/security/PrivilegedActionException'> (0x00000000d679a920) thrown at [C:\re\workspace\8-2-build-windows-amd64-cygwin\jdk8u131\8869\hotspot\src\share\vm\prims\jvm.cpp, line 1390]
Event: 4.101 Thread 0x0000000002b02800 Exception <a 'java/security/PrivilegedActionException'> (0x00000000d679ad18) thrown at [C:\re\workspace\8-2-build-windows-amd64-cygwin\jdk8u131\8869\hotspot\src\share\vm\prims\jvm.cpp, line 1390]
Event: 4.102 Thread 0x0000000002b02800 Exception <a 'java/security/PrivilegedActionException'> (0x00000000d679d660) thrown at [C:\re\workspace\8-2-build-windows-amd64-cygwin\jdk8u131\8869\hotspot\src\share\vm\prims\jvm.cpp, line 1390]
Event: 4.102 Thread 0x0000000002b02800 Exception <a 'java/security/PrivilegedActionException'> (0x00000000d679da58) thrown at [C:\re\workspace\8-2-build-windows-amd64-cygwin\jdk8u131\8869\hotspot\src\share\vm\prims\jvm.cpp, line 1390]
Event: 8.796 Thread 0x0000000002b02800 Exception <a 'java/lang/reflect/InvocationTargetException'> (0x00000000d617a910) thrown at [C:\re\workspace\8-2-build-windows-amd64-cygwin\jdk8u131\8869\hotspot\src\share\vm\runtime\reflection.cpp, line 1092]

Events (10 events):
Event: 8.834 Thread 0x0000000019380800 Thread added: 0x0000000019380800
Event: 8.838 Thread 0x000000001937e800 Thread exited: 0x000000001937e800
Event: 8.841 loading class java/util/WeakHashMap$KeyIterator
Event: 8.841 loading class java/util/WeakHashMap$HashIterator
Event: 8.842 loading class java/util/WeakHashMap$HashIterator done
Event: 8.842 loading class java/util/WeakHashMap$KeyIterator done
Event: 8.842 Thread 0x0000000019380800 Thread exited: 0x0000000019380800
Event: 8.854 Thread 0x0000000019a8b000 Thread exited: 0x0000000019a8b000
Event: 8.946 Thread 0x000000001937f800 Thread exited: 0x000000001937f800
Event: 8.951 Executing VM operation: Exit


Dynamic libraries:
0x00007ff600b10000 - 0x00007ff600b47000 	C:\Program Files\Java\jdk1.8.0_131\bin\java.exe
0x00007ffccec10000 - 0x00007ffccedf1000 	C:\WINDOWS\SYSTEM32\ntdll.dll
0x00007ffccc590000 - 0x00007ffccc642000 	C:\WINDOWS\System32\KERNEL32.DLL
0x00007ffccb520000 - 0x00007ffccb793000 	C:\WINDOWS\System32\KERNELBASE.dll
0x00007ffcce3d0000 - 0x00007ffcce471000 	C:\WINDOWS\System32\ADVAPI32.dll
0x00007ffccc650000 - 0x00007ffccc6ee000 	C:\WINDOWS\System32\msvcrt.dll
0x00007ffcce570000 - 0x00007ffcce5cb000 	C:\WINDOWS\System32\sechost.dll
0x00007ffcce1a0000 - 0x00007ffcce2c4000 	C:\WINDOWS\System32\RPCRT4.dll
0x00007ffcce5d0000 - 0x00007ffcce760000 	C:\WINDOWS\System32\USER32.dll
0x00007ffccb360000 - 0x00007ffccb380000 	C:\WINDOWS\System32\win32u.dll
0x00007ffccc210000 - 0x00007ffccc238000 	C:\WINDOWS\System32\GDI32.dll
0x00007ffccb160000 - 0x00007ffccb2f2000 	C:\WINDOWS\System32\gdi32full.dll
0x00007ffccb480000 - 0x00007ffccb51f000 	C:\WINDOWS\System32\msvcp_win.dll
0x00007ffccb380000 - 0x00007ffccb47a000 	C:\WINDOWS\System32\ucrtbase.dll
0x00007ffcc24b0000 - 0x00007ffcc2719000 	C:\WINDOWS\WinSxS\amd64_microsoft.windows.common-controls_6595b64144ccf1df_6.0.17134.345_none_fb429a5930656358\COMCTL32.dll
0x00007ffcce820000 - 0x00007ffcceb43000 	C:\WINDOWS\System32\combase.dll
0x00007ffccafe0000 - 0x00007ffccb05a000 	C:\WINDOWS\System32\bcryptPrimitives.dll
0x00007ffccebb0000 - 0x00007ffccebdd000 	C:\WINDOWS\System32\IMM32.DLL
0x0000000061f90000 - 0x0000000062062000 	C:\Program Files\Java\jdk1.8.0_131\jre\bin\msvcr100.dll
0x0000000062070000 - 0x000000006290c000 	C:\Program Files\Java\jdk1.8.0_131\jre\bin\server\jvm.dll
0x00007ffcce810000 - 0x00007ffcce818000 	C:\WINDOWS\System32\PSAPI.DLL
0x00007ffcc9b30000 - 0x00007ffcc9b39000 	C:\WINDOWS\SYSTEM32\WSOCK32.dll
0x00007ffcc6640000 - 0x00007ffcc6663000 	C:\WINDOWS\SYSTEM32\WINMM.dll
0x00007ffcce480000 - 0x00007ffcce4ec000 	C:\WINDOWS\System32\WS2_32.dll
0x00007ffcba4a0000 - 0x00007ffcba4aa000 	C:\WINDOWS\SYSTEM32\VERSION.dll
0x00007ffcc61f0000 - 0x00007ffcc621a000 	C:\WINDOWS\SYSTEM32\WINMMBASE.dll
0x00007ffccb060000 - 0x00007ffccb0a9000 	C:\WINDOWS\System32\cfgmgr32.dll
0x0000000061f40000 - 0x0000000061f4f000 	C:\Program Files\Java\jdk1.8.0_131\jre\bin\verify.dll
0x0000000061f10000 - 0x0000000061f39000 	C:\Program Files\Java\jdk1.8.0_131\jre\bin\java.dll
0x0000000061ae0000 - 0x0000000061b15000 	C:\Program Files\Java\jdk1.8.0_131\jre\bin\jdwp.dll
0x0000000061ad0000 - 0x0000000061ad8000 	C:\Program Files\Java\jdk1.8.0_131\jre\bin\npt.dll
0x0000000061ef0000 - 0x0000000061f06000 	C:\Program Files\Java\jdk1.8.0_131\jre\bin\zip.dll
0x00007ffcccd00000 - 0x00007ffcce13f000 	C:\WINDOWS\System32\SHELL32.dll
0x00007ffcce760000 - 0x00007ffcce809000 	C:\WINDOWS\System32\shcore.dll
0x00007ffccb990000 - 0x00007ffccc09d000 	C:\WINDOWS\System32\windows.storage.dll
0x00007ffcceb50000 - 0x00007ffcceba1000 	C:\WINDOWS\System32\shlwapi.dll
0x00007ffccaf20000 - 0x00007ffccaf31000 	C:\WINDOWS\System32\kernel.appcore.dll
0x00007ffccaf40000 - 0x00007ffccaf5f000 	C:\WINDOWS\System32\profapi.dll
0x00007ffccaf90000 - 0x00007ffccafdc000 	C:\WINDOWS\System32\powrprof.dll
0x00007ffccaf60000 - 0x00007ffccaf6a000 	C:\WINDOWS\System32\FLTLIB.DLL
0x0000000061b20000 - 0x0000000061b2b000 	C:\Program Files\Java\jdk1.8.0_131\jre\bin\dt_shmem.dll
0x0000000061ed0000 - 0x0000000061eea000 	C:\Program Files\Java\jdk1.8.0_131\jre\bin\net.dll
0x00007ffcca7a0000 - 0x00007ffcca806000 	C:\WINDOWS\system32\mswsock.dll
0x00007ffcb18a0000 - 0x00007ffcb18b6000 	C:\WINDOWS\system32\napinsp.dll
0x00007ffcb1880000 - 0x00007ffcb189a000 	C:\WINDOWS\system32\pnrpnsp.dll
0x00007ffcc6ef0000 - 0x00007ffcc6f09000 	C:\WINDOWS\system32\NLAapi.dll
0x00007ffcca560000 - 0x00007ffcca61e000 	C:\WINDOWS\SYSTEM32\DNSAPI.dll
0x00007ffccc0a0000 - 0x00007ffccc0a8000 	C:\WINDOWS\System32\NSI.dll
0x00007ffcca520000 - 0x00007ffcca558000 	C:\WINDOWS\SYSTEM32\IPHLPAPI.DLL
0x00007ffcb1870000 - 0x00007ffcb187e000 	C:\WINDOWS\System32\winrnr.dll
0x00007ffcc19b0000 - 0x00007ffcc19c5000 	C:\WINDOWS\System32\wshbth.dll
0x00007ffcbd880000 - 0x00007ffcbd88a000 	C:\Windows\System32\rasadhlp.dll
0x00007ffcc1d70000 - 0x00007ffcc1de2000 	C:\WINDOWS\System32\fwpuclnt.dll
0x00007ffccaa80000 - 0x00007ffccaaa5000 	C:\WINDOWS\SYSTEM32\bcrypt.dll
0x0000000061d10000 - 0x0000000061ea8000 	C:\Program Files\Java\jdk1.8.0_131\jre\bin\awt.dll
0x00007ffccc4c0000 - 0x00007ffccc582000 	C:\WINDOWS\System32\OLEAUT32.dll
0x00007ffcc9160000 - 0x00007ffcc91eb000 	C:\WINDOWS\SYSTEM32\apphelp.dll
0x00007ffcc9500000 - 0x00007ffcc9529000 	C:\WINDOWS\system32\DWMAPI.DLL
0x00007ffcc9220000 - 0x00007ffcc92b8000 	C:\WINDOWS\system32\uxtheme.dll
0x00007ffca4090000 - 0x00007ffca41b0000 	C:\WINDOWS\system32\opengl32.dll
0x00007ffca4020000 - 0x00007ffca404c000 	C:\WINDOWS\SYSTEM32\GLU32.dll
0x00007ffccc2e0000 - 0x00007ffccc454000 	C:\WINDOWS\System32\MSCTF.dll
0x00007ffccc0b0000 - 0x00007ffccc201000 	C:\WINDOWS\System32\ole32.dll
0x0000000061b50000 - 0x0000000061b74000 	C:\Program Files\Java\jdk1.8.0_131\jre\bin\sunec.dll
0x00007ffcc4b00000 - 0x00007ffcc4b16000 	C:\WINDOWS\SYSTEM32\dhcpcsvc6.DLL
0x00007ffcc49f0000 - 0x00007ffcc4a0a000 	C:\WINDOWS\SYSTEM32\dhcpcsvc.DLL
0x0000000061eb0000 - 0x0000000061ec1000 	C:\Program Files\Java\jdk1.8.0_131\jre\bin\nio.dll
0x00007ffcca950000 - 0x00007ffcca967000 	C:\WINDOWS\SYSTEM32\CRYPTSP.dll
0x00007ffcca320000 - 0x00007ffcca353000 	C:\WINDOWS\system32\rsaenh.dll
0x00007ffccae20000 - 0x00007ffccae48000 	C:\WINDOWS\SYSTEM32\USERENV.dll
0x00007ffcca970000 - 0x00007ffcca97b000 	C:\WINDOWS\SYSTEM32\CRYPTBASE.dll
0x0000000061b40000 - 0x0000000061b4b000 	C:\Program Files\Java\jdk1.8.0_131\jre\bin\sunmscapi.dll
0x00007ffccb7a0000 - 0x00007ffccb982000 	C:\WINDOWS\System32\CRYPT32.dll
0x00007ffccaf70000 - 0x00007ffccaf82000 	C:\WINDOWS\System32\MSASN1.dll
0x0000000061cc0000 - 0x0000000061d07000 	C:\Program Files\Java\jdk1.8.0_131\jre\bin\fontmanager.dll
0x00007ffcbd620000 - 0x00007ffcbd6b7000 	C:\WINDOWS\System32\TextInputFramework.dll
0x00007ffcc2ba0000 - 0x00007ffcc2ebe000 	C:\WINDOWS\System32\CoreUIComponents.dll
0x00007ffcc8820000 - 0x00007ffcc88fa000 	C:\WINDOWS\System32\CoreMessaging.dll
0x00007ffcc9fe0000 - 0x00007ffcca011000 	C:\WINDOWS\SYSTEM32\ntmarta.dll
0x00007ffcc6ae0000 - 0x00007ffcc6c2d000 	C:\WINDOWS\SYSTEM32\wintypes.dll
0x00007ffcb53f0000 - 0x00007ffcb545b000 	C:\WINDOWS\system32\Oleacc.dll
0x00007ffcc9930000 - 0x00007ffcc9af9000 	C:\WINDOWS\SYSTEM32\dbghelp.dll

VM Arguments:
jvm_args: -Xdebug -Xrunjdwp:transport=dt_shmem,address=javadebug -ea 
java_command: org.apache.tools.ant.taskdefs.optional.junit.JUnitTestRunner JUnitTest skipNonTests=false filtertrace=true haltOnError=false haltOnFailure=false showoutput=true outputtoformatters=true logfailedtests=true threadid=0 logtestlistenerevents=true formatter=org.apache.tools.ant.taskdefs.optional.junit.BriefJUnitResultFormatter formatter=org.apache.tools.ant.taskdefs.optional.junit.XMLJUnitResultFormatter,C:\Users\PRAJIT~1\AppData\Local\Temp\TEST-JUnitTest.xml crashfile=C:\Users\Prajith Nair\Documents\NetBeansProjects\Auction\build\junitvmwatcher451515670049427048.properties propsfile=C:\Users\Prajith Nair\Documents\NetBeansProjects\Auction\build\junit8045296708800277357.properties
java_class_path (initial): C:\Program Files\Java\jdk1.8.0_131\lib\mysql-connector.jar;C:\Users\Prajith Nair\Documents\NetBeansProjects\Auction\build\classes;C:\Program Files\NetBeans 8.2\platform\modules\ext\junit-4.12.jar;C:\Program Files\NetBeans 8.2\platform\modules\ext\hamcrest-core-1.3.jar;C:\Users\Prajith Nair\Documents\NetBeansProjects\Auction\build\test\classes;C:\Program Files\NetBeans 8.2\extide\ant\lib\ant-launcher.jar;C:\Program Files\NetBeans 8.2\extide\ant\lib\ant.jar;C:\Program Files\NetBeans 8.2\extide\ant\lib\ant-junit.jar;C:\Program Files\NetBeans 8.2\extide\ant\lib\ant-junit4.jar
Launcher Type: SUN_STANDARD

Environment Variables:
PATH=C:\Program Files (x86)\Common Files\Oracle\Java\javapath;C:\oraclexe\app\oracle\product\11.2.0\server\bin;;C:\ProgramData\Oracle\Java\javapath;C:\Program Files\Broadcom\Broadcom 802.11 Network Adapter;C:\Program Files (x86)\Intel\iCLS Client\;C:\Program Files\Intel\iCLS Client\;C:\WINDOWS\system32;C:\WINDOWS;C:\WINDOWS\System32\Wbem;C:\WINDOWS\System32\WindowsPowerShell\v1.0\;C:\Program Files (x86)\Intel\Intel(R) Management Engine Components\DAL;C:\Program Files\Intel\Intel(R) Management Engine Components\DAL;C:\Program Files (x86)\Intel\Intel(R) Management Engine Components\IPT;C:\Program Files\Intel\Intel(R) Management Engine Components\IPT;C:\Program Files (x86)\Windows Kits\10\Windows Performance Toolkit\;C:\Android;C:\Windows\System32;C:\Program Files (x86)\GTK2-Runtime\lib;C:\WINDOWS\System32\OpenSSH\;C:\Program Files (x86)\Brackets\command;C:\TDM-GCC-64\bin;C:\Program Files\Java\jdk1.8.0_131\bin;%USERPROFILE%\AppData\Local\Microsoft\WindowsApps;
USERNAME=Prajith Nair
OS=Windows_NT
PROCESSOR_IDENTIFIER=Intel64 Family 6 Model 78 Stepping 3, GenuineIntel



---------------  S Y S T E M  ---------------

OS: Windows 10.0 , 64 bit Build 17134 (10.0.17134.1)

CPU:total 4 (initial active 4) (2 cores per cpu, 2 threads per core) family 6 model 78 stepping 3, cmov, cx8, fxsr, mmx, sse, sse2, sse3, ssse3, sse4.1, sse4.2, popcnt, avx, avx2, aes, clmul, erms, 3dnowpref, lzcnt, ht, tsc, tscinvbit, bmi1, bmi2, adx

Memory: 4k page, physical 8276896k(3404448k free), swap 11646588k(4075092k free)

vm_info: Java HotSpot(TM) 64-Bit Server VM (25.131-b11) for windows-amd64 JRE (1.8.0_131-b11), built on Mar 15 2017 01:23:53 by "java_re" with MS VC++ 10.0 (VS2010)

time: Thu Nov 01 13:15:27 2018
elapsed time: 9 seconds (0d 0h 0m 9s)

